2018-11-21 10:26:13.419  INFO 641 --- [main] com.wei.boot.Application                 : Starting Application on cpe-172-101-2-245.maine.res.rr.com with PID 641 (/Users/weisihua/studyspace/SpringBootLearning/target/classes started by weisihua in /Users/weisihua/studyspace/SpringBootLearning)
2018-11-21 10:26:13.423  INFO 641 --- [main] com.wei.boot.Application                 : No active profile set, falling back to default profiles: default
2018-11-21 10:26:13.473  INFO 641 --- [main] ationConfigEmbeddedWebApplicationContext : Refreshing org.springframework.boot.context.embedded.AnnotationConfigEmbeddedWebApplicationContext@79c7532f: startup date [Wed Nov 21 10:26:13 CST 2018]; root of context hierarchy
2018-11-21 10:26:14.486  INFO 641 --- [main] trationDelegate$BeanPostProcessorChecker : Bean 'org.springframework.boot.autoconfigure.validation.ValidationAutoConfiguration' of type [class org.springframework.boot.autoconfigure.validation.ValidationAutoConfiguration] is not eligible for getting processed by all BeanPostProcessors (for example: not eligible for auto-proxying)
2018-11-21 10:26:14.593  INFO 641 --- [main] trationDelegate$BeanPostProcessorChecker : Bean 'validator' of type [class org.springframework.validation.beanvalidation.LocalValidatorFactoryBean] is not eligible for getting processed by all BeanPostProcessors (for example: not eligible for auto-proxying)
2018-11-21 10:26:14.672  INFO 641 --- [main] trationDelegate$BeanPostProcessorChecker : Bean 'org.springframework.transaction.annotation.ProxyTransactionManagementConfiguration' of type [class org.springframework.transaction.annotation.ProxyTransactionManagementConfiguration$$EnhancerBySpringCGLIB$$7bb806c7] is not eligible for getting processed by all BeanPostProcessors (for example: not eligible for auto-proxying)
2018-11-21 10:26:15.073  INFO 641 --- [main] s.b.c.e.t.TomcatEmbeddedServletContainer : Tomcat initialized with port(s): 80 (http)
2018-11-21 10:26:15.088  INFO 641 --- [main] o.apache.catalina.core.StandardService   : Starting service Tomcat
2018-11-21 10:26:15.090  INFO 641 --- [main] org.apache.catalina.core.StandardEngine  : Starting Servlet Engine: Apache Tomcat/8.5.11
2018-11-21 10:26:15.196  INFO 641 --- [localhost-startStop-1] o.a.c.c.C.[Tomcat].[localhost].[/]       : Initializing Spring embedded WebApplicationContext
2018-11-21 10:26:15.196  INFO 641 --- [localhost-startStop-1] o.s.web.context.ContextLoader            : Root WebApplicationContext: initialization completed in 1726 ms
2018-11-21 10:26:15.489  INFO 641 --- [localhost-startStop-1] o.s.b.w.servlet.ServletRegistrationBean  : Mapping servlet: 'dispatcherServlet' to [/]
2018-11-21 10:26:15.495  INFO 641 --- [localhost-startStop-1] o.s.b.w.servlet.FilterRegistrationBean   : Mapping filter: 'metricsFilter' to: [/*]
2018-11-21 10:26:15.496  INFO 641 --- [localhost-startStop-1] o.s.b.w.servlet.FilterRegistrationBean   : Mapping filter: 'characterEncodingFilter' to: [/*]
2018-11-21 10:26:15.496  INFO 641 --- [localhost-startStop-1] o.s.b.w.servlet.FilterRegistrationBean   : Mapping filter: 'hiddenHttpMethodFilter' to: [/*]
2018-11-21 10:26:15.497  INFO 641 --- [localhost-startStop-1] o.s.b.w.servlet.FilterRegistrationBean   : Mapping filter: 'httpPutFormContentFilter' to: [/*]
2018-11-21 10:26:15.497  INFO 641 --- [localhost-startStop-1] o.s.b.w.servlet.FilterRegistrationBean   : Mapping filter: 'requestContextFilter' to: [/*]
2018-11-21 10:26:15.497  INFO 641 --- [localhost-startStop-1] o.s.b.w.servlet.FilterRegistrationBean   : Mapping filter: 'webRequestLoggingFilter' to: [/*]
2018-11-21 10:26:15.497  INFO 641 --- [localhost-startStop-1] o.s.b.w.servlet.FilterRegistrationBean   : Mapping filter: 'applicationContextIdFilter' to: [/*]
2018-11-21 10:26:16.159  INFO 641 --- [main] s.w.s.m.m.a.RequestMappingHandlerAdapter : Looking for @ControllerAdvice: org.springframework.boot.context.embedded.AnnotationConfigEmbeddedWebApplicationContext@79c7532f: startup date [Wed Nov 21 10:26:13 CST 2018]; root of context hierarchy
2018-11-21 10:26:16.238  INFO 641 --- [main] s.w.s.m.m.a.RequestMappingHandlerMapping : Mapped "{[/]}" onto java.lang.String com.wei.boot.example.ExampleController.home()
2018-11-21 10:26:16.239  INFO 641 --- [main] s.w.s.m.m.a.RequestMappingHandlerMapping : Mapped "{[/jdbc]}" onto java.lang.String com.wei.boot.example.ExampleController.testJdbc()
2018-11-21 10:26:16.240  INFO 641 --- [main] s.w.s.m.m.a.RequestMappingHandlerMapping : Mapped "{[/random/show]}" onto public java.lang.String com.wei.boot.example.RandomController.showRandom()
2018-11-21 10:26:16.243  INFO 641 --- [main] s.w.s.m.m.a.RequestMappingHandlerMapping : Mapped "{[/error]}" onto public org.springframework.http.ResponseEntity<java.util.Map<java.lang.String, java.lang.Object>> org.springframework.boot.autoconfigure.web.BasicErrorController.error(javax.servlet.http.HttpServletRequest)
2018-11-21 10:26:16.243  INFO 641 --- [main] s.w.s.m.m.a.RequestMappingHandlerMapping : Mapped "{[/error],produces=[text/html]}" onto public org.springframework.web.servlet.ModelAndView org.springframework.boot.autoconfigure.web.BasicErrorController.errorHtml(javax.servlet.http.HttpServletRequest,javax.servlet.http.HttpServletResponse)
2018-11-21 10:26:16.282  INFO 641 --- [main] o.s.w.s.handler.SimpleUrlHandlerMapping  : Mapped URL path [/webjars/**] onto handler of type [class org.springframework.web.servlet.resource.ResourceHttpRequestHandler]
2018-11-21 10:26:16.282  INFO 641 --- [main] o.s.w.s.handler.SimpleUrlHandlerMapping  : Mapped URL path [/**] onto handler of type [class org.springframework.web.servlet.resource.ResourceHttpRequestHandler]
2018-11-21 10:26:16.337  INFO 641 --- [main] o.s.w.s.handler.SimpleUrlHandlerMapping  : Mapped URL path [/**/favicon.ico] onto handler of type [class org.springframework.web.servlet.resource.ResourceHttpRequestHandler]
2018-11-21 10:26:16.704  INFO 641 --- [main] o.s.b.a.e.mvc.EndpointHandlerMapping     : Mapped "{[/info || /info.json],methods=[GET],produces=[application/vnd.spring-boot.actuator.v1+json || application/json]}" onto public java.lang.Object org.springframework.boot.actuate.endpoint.mvc.EndpointMvcAdapter.invoke()
2018-11-21 10:26:16.706  INFO 641 --- [main] o.s.b.a.e.mvc.EndpointHandlerMapping     : Mapped "{[/heapdump || /heapdump.json],methods=[GET],produces=[application/octet-stream]}" onto public void org.springframework.boot.actuate.endpoint.mvc.HeapdumpMvcEndpoint.invoke(boolean,javax.servlet.http.HttpServletRequest,javax.servlet.http.HttpServletResponse) throws java.io.IOException,javax.servlet.ServletException
2018-11-21 10:26:16.707  INFO 641 --- [main] o.s.b.a.e.mvc.EndpointHandlerMapping     : Mapped "{[/health || /health.json],methods=[GET],produces=[application/vnd.spring-boot.actuator.v1+json || application/json]}" onto public java.lang.Object org.springframework.boot.actuate.endpoint.mvc.HealthMvcEndpoint.invoke(javax.servlet.http.HttpServletRequest)
2018-11-21 10:26:16.708  INFO 641 --- [main] o.s.b.a.e.mvc.EndpointHandlerMapping     : Mapped "{[/metrics/{name:.*}],methods=[GET],produces=[application/vnd.spring-boot.actuator.v1+json || application/json]}" onto public java.lang.Object org.springframework.boot.actuate.endpoint.mvc.MetricsMvcEndpoint.value(java.lang.String)
2018-11-21 10:26:16.709  INFO 641 --- [main] o.s.b.a.e.mvc.EndpointHandlerMapping     : Mapped "{[/metrics || /metrics.json],methods=[GET],produces=[application/vnd.spring-boot.actuator.v1+json || application/json]}" onto public java.lang.Object org.springframework.boot.actuate.endpoint.mvc.EndpointMvcAdapter.invoke()
2018-11-21 10:26:16.711  INFO 641 --- [main] o.s.b.a.e.mvc.EndpointHandlerMapping     : Mapped "{[/logfile || /logfile.json],methods=[GET || HEAD]}" onto public void org.springframework.boot.actuate.endpoint.mvc.LogFileMvcEndpoint.invoke(javax.servlet.http.HttpServletRequest,javax.servlet.http.HttpServletResponse) throws javax.servlet.ServletException,java.io.IOException
2018-11-21 10:26:16.711  INFO 641 --- [main] o.s.b.a.e.mvc.EndpointHandlerMapping     : Mapped "{[/dump || /dump.json],methods=[GET],produces=[application/vnd.spring-boot.actuator.v1+json || application/json]}" onto public java.lang.Object org.springframework.boot.actuate.endpoint.mvc.EndpointMvcAdapter.invoke()
2018-11-21 10:26:16.712  INFO 641 --- [main] o.s.b.a.e.mvc.EndpointHandlerMapping     : Mapped "{[/autoconfig || /autoconfig.json],methods=[GET],produces=[application/vnd.spring-boot.actuator.v1+json || application/json]}" onto public java.lang.Object org.springframework.boot.actuate.endpoint.mvc.EndpointMvcAdapter.invoke()
2018-11-21 10:26:16.713  INFO 641 --- [main] o.s.b.a.e.mvc.EndpointHandlerMapping     : Mapped "{[/configprops || /configprops.json],methods=[GET],produces=[application/vnd.spring-boot.actuator.v1+json || application/json]}" onto public java.lang.Object org.springframework.boot.actuate.endpoint.mvc.EndpointMvcAdapter.invoke()
2018-11-21 10:26:16.715  INFO 641 --- [main] o.s.b.a.e.mvc.EndpointHandlerMapping     : Mapped "{[/beans || /beans.json],methods=[GET],produces=[application/vnd.spring-boot.actuator.v1+json || application/json]}" onto public java.lang.Object org.springframework.boot.actuate.endpoint.mvc.EndpointMvcAdapter.invoke()
2018-11-21 10:26:16.717  INFO 641 --- [main] o.s.b.a.e.mvc.EndpointHandlerMapping     : Mapped "{[/env/{name:.*}],methods=[GET],produces=[application/vnd.spring-boot.actuator.v1+json || application/json]}" onto public java.lang.Object org.springframework.boot.actuate.endpoint.mvc.EnvironmentMvcEndpoint.value(java.lang.String)
2018-11-21 10:26:16.717  INFO 641 --- [main] o.s.b.a.e.mvc.EndpointHandlerMapping     : Mapped "{[/env || /env.json],methods=[GET],produces=[application/vnd.spring-boot.actuator.v1+json || application/json]}" onto public java.lang.Object org.springframework.boot.actuate.endpoint.mvc.EndpointMvcAdapter.invoke()
2018-11-21 10:26:16.718  INFO 641 --- [main] o.s.b.a.e.mvc.EndpointHandlerMapping     : Mapped "{[/auditevents || /auditevents.json],methods=[GET],produces=[application/vnd.spring-boot.actuator.v1+json || application/json]}" onto public org.springframework.http.ResponseEntity<?> org.springframework.boot.actuate.endpoint.mvc.AuditEventsMvcEndpoint.findByPrincipalAndAfterAndType(java.lang.String,java.util.Date,java.lang.String)
2018-11-21 10:26:16.719  INFO 641 --- [main] o.s.b.a.e.mvc.EndpointHandlerMapping     : Mapped "{[/mappings || /mappings.json],methods=[GET],produces=[application/vnd.spring-boot.actuator.v1+json || application/json]}" onto public java.lang.Object org.springframework.boot.actuate.endpoint.mvc.EndpointMvcAdapter.invoke()
2018-11-21 10:26:16.720  INFO 641 --- [main] o.s.b.a.e.mvc.EndpointHandlerMapping     : Mapped "{[/trace || /trace.json],methods=[GET],produces=[application/vnd.spring-boot.actuator.v1+json || application/json]}" onto public java.lang.Object org.springframework.boot.actuate.endpoint.mvc.EndpointMvcAdapter.invoke()
2018-11-21 10:26:16.722  INFO 641 --- [main] o.s.b.a.e.mvc.EndpointHandlerMapping     : Mapped "{[/loggers/{name:.*}],methods=[GET],produces=[application/vnd.spring-boot.actuator.v1+json || application/json]}" onto public java.lang.Object org.springframework.boot.actuate.endpoint.mvc.LoggersMvcEndpoint.get(java.lang.String)
2018-11-21 10:26:16.722  INFO 641 --- [main] o.s.b.a.e.mvc.EndpointHandlerMapping     : Mapped "{[/loggers/{name:.*}],methods=[POST],consumes=[application/vnd.spring-boot.actuator.v1+json || application/json],produces=[application/vnd.spring-boot.actuator.v1+json || application/json]}" onto public java.lang.Object org.springframework.boot.actuate.endpoint.mvc.LoggersMvcEndpoint.set(java.lang.String,java.util.Map<java.lang.String, java.lang.String>)
2018-11-21 10:26:16.722  INFO 641 --- [main] o.s.b.a.e.mvc.EndpointHandlerMapping     : Mapped "{[/loggers || /loggers.json],methods=[GET],produces=[application/vnd.spring-boot.actuator.v1+json || application/json]}" onto public java.lang.Object org.springframework.boot.actuate.endpoint.mvc.EndpointMvcAdapter.invoke()
2018-11-21 10:26:17.048  INFO 641 --- [main] o.s.j.e.a.AnnotationMBeanExporter        : Registering beans for JMX exposure on startup
2018-11-21 10:26:17.060  INFO 641 --- [main] o.s.c.support.DefaultLifecycleProcessor  : Starting beans in phase 0
2018-11-21 10:26:17.307 ERROR 641 --- [main] o.a.coyote.http11.Http11NioProtocol      : Failed to start end point associated with ProtocolHandler [http-nio-80]

java.net.SocketException: Permission denied
	at sun.nio.ch.Net.bind0(Native Method) ~[na:1.8.0_171]
	at sun.nio.ch.Net.bind(Net.java:433) ~[na:1.8.0_171]
	at sun.nio.ch.Net.bind(Net.java:425) ~[na:1.8.0_171]
	at sun.nio.ch.ServerSocketChannelImpl.bind(ServerSocketChannelImpl.java:223) ~[na:1.8.0_171]
	at sun.nio.ch.ServerSocketAdaptor.bind(ServerSocketAdaptor.java:74) ~[na:1.8.0_171]
	at org.apache.tomcat.util.net.NioEndpoint.bind(NioEndpoint.java:210) ~[tomcat-embed-core-8.5.11.jar:8.5.11]
	at org.apache.tomcat.util.net.AbstractEndpoint.start(AbstractEndpoint.java:980) ~[tomcat-embed-core-8.5.11.jar:8.5.11]
	at org.apache.coyote.AbstractProtocol.start(AbstractProtocol.java:573) ~[tomcat-embed-core-8.5.11.jar:8.5.11]
	at org.apache.catalina.connector.Connector.startInternal(Connector.java:993) [tomcat-embed-core-8.5.11.jar:8.5.11]
	at org.apache.catalina.util.LifecycleBase.start(LifecycleBase.java:150) [tomcat-embed-core-8.5.11.jar:8.5.11]
	at org.apache.catalina.core.StandardService.addConnector(StandardService.java:225) [tomcat-embed-core-8.5.11.jar:8.5.11]
	at org.springframework.boot.context.embedded.tomcat.TomcatEmbeddedServletContainer.addPreviouslyRemovedConnectors(TomcatEmbeddedServletContainer.java:241) [spring-boot-1.5.1.RELEASE.jar:1.5.1.RELEASE]
	at org.springframework.boot.context.embedded.tomcat.TomcatEmbeddedServletContainer.start(TomcatEmbeddedServletContainer.java:184) [spring-boot-1.5.1.RELEASE.jar:1.5.1.RELEASE]
	at org.springframework.boot.context.embedded.EmbeddedWebApplicationContext.startEmbeddedServletContainer(EmbeddedWebApplicationContext.java:297) [spring-boot-1.5.1.RELEASE.jar:1.5.1.RELEASE]
	at org.springframework.boot.context.embedded.EmbeddedWebApplicationContext.finishRefresh(EmbeddedWebApplicationContext.java:145) [spring-boot-1.5.1.RELEASE.jar:1.5.1.RELEASE]
	at org.springframework.context.support.AbstractApplicationContext.refresh(AbstractApplicationContext.java:545) [spring-context-4.3.6.RELEASE.jar:4.3.6.RELEASE]
	at org.springframework.boot.context.embedded.EmbeddedWebApplicationContext.refresh(EmbeddedWebApplicationContext.java:122) [spring-boot-1.5.1.RELEASE.jar:1.5.1.RELEASE]
	at org.springframework.boot.SpringApplication.refresh(SpringApplication.java:737) [spring-boot-1.5.1.RELEASE.jar:1.5.1.RELEASE]
	at org.springframework.boot.SpringApplication.refreshContext(SpringApplication.java:370) [spring-boot-1.5.1.RELEASE.jar:1.5.1.RELEASE]
	at org.springframework.boot.SpringApplication.run(SpringApplication.java:314) [spring-boot-1.5.1.RELEASE.jar:1.5.1.RELEASE]
	at org.springframework.boot.SpringApplication.run(SpringApplication.java:1162) [spring-boot-1.5.1.RELEASE.jar:1.5.1.RELEASE]
	at org.springframework.boot.SpringApplication.run(SpringApplication.java:1151) [spring-boot-1.5.1.RELEASE.jar:1.5.1.RELEASE]
	at com.wei.boot.Application.main(Application.java:14) [classes/:na]

2018-11-21 10:26:17.309 ERROR 641 --- [main] o.apache.catalina.core.StandardService   : Failed to start connector [Connector[HTTP/1.1-80]]

org.apache.catalina.LifecycleException: Failed to start component [Connector[HTTP/1.1-80]]
	at org.apache.catalina.util.LifecycleBase.start(LifecycleBase.java:167) ~[tomcat-embed-core-8.5.11.jar:8.5.11]
	at org.apache.catalina.core.StandardService.addConnector(StandardService.java:225) ~[tomcat-embed-core-8.5.11.jar:8.5.11]
	at org.springframework.boot.context.embedded.tomcat.TomcatEmbeddedServletContainer.addPreviouslyRemovedConnectors(TomcatEmbeddedServletContainer.java:241) [spring-boot-1.5.1.RELEASE.jar:1.5.1.RELEASE]
	at org.springframework.boot.context.embedded.tomcat.TomcatEmbeddedServletContainer.start(TomcatEmbeddedServletContainer.java:184) [spring-boot-1.5.1.RELEASE.jar:1.5.1.RELEASE]
	at org.springframework.boot.context.embedded.EmbeddedWebApplicationContext.startEmbeddedServletContainer(EmbeddedWebApplicationContext.java:297) [spring-boot-1.5.1.RELEASE.jar:1.5.1.RELEASE]
	at org.springframework.boot.context.embedded.EmbeddedWebApplicationContext.finishRefresh(EmbeddedWebApplicationContext.java:145) [spring-boot-1.5.1.RELEASE.jar:1.5.1.RELEASE]
	at org.springframework.context.support.AbstractApplicationContext.refresh(AbstractApplicationContext.java:545) [spring-context-4.3.6.RELEASE.jar:4.3.6.RELEASE]
	at org.springframework.boot.context.embedded.EmbeddedWebApplicationContext.refresh(EmbeddedWebApplicationContext.java:122) [spring-boot-1.5.1.RELEASE.jar:1.5.1.RELEASE]
	at org.springframework.boot.SpringApplication.refresh(SpringApplication.java:737) [spring-boot-1.5.1.RELEASE.jar:1.5.1.RELEASE]
	at org.springframework.boot.SpringApplication.refreshContext(SpringApplication.java:370) [spring-boot-1.5.1.RELEASE.jar:1.5.1.RELEASE]
	at org.springframework.boot.SpringApplication.run(SpringApplication.java:314) [spring-boot-1.5.1.RELEASE.jar:1.5.1.RELEASE]
	at org.springframework.boot.SpringApplication.run(SpringApplication.java:1162) [spring-boot-1.5.1.RELEASE.jar:1.5.1.RELEASE]
	at org.springframework.boot.SpringApplication.run(SpringApplication.java:1151) [spring-boot-1.5.1.RELEASE.jar:1.5.1.RELEASE]
	at com.wei.boot.Application.main(Application.java:14) [classes/:na]
Caused by: org.apache.catalina.LifecycleException: service.getName(): "Tomcat";  Protocol handler start failed
	at org.apache.catalina.connector.Connector.startInternal(Connector.java:1000) ~[tomcat-embed-core-8.5.11.jar:8.5.11]
	at org.apache.catalina.util.LifecycleBase.start(LifecycleBase.java:150) ~[tomcat-embed-core-8.5.11.jar:8.5.11]
	... 13 common frames omitted
Caused by: java.net.SocketException: Permission denied
	at sun.nio.ch.Net.bind0(Native Method) ~[na:1.8.0_171]
	at sun.nio.ch.Net.bind(Net.java:433) ~[na:1.8.0_171]
	at sun.nio.ch.Net.bind(Net.java:425) ~[na:1.8.0_171]
	at sun.nio.ch.ServerSocketChannelImpl.bind(ServerSocketChannelImpl.java:223) ~[na:1.8.0_171]
	at sun.nio.ch.ServerSocketAdaptor.bind(ServerSocketAdaptor.java:74) ~[na:1.8.0_171]
	at org.apache.tomcat.util.net.NioEndpoint.bind(NioEndpoint.java:210) ~[tomcat-embed-core-8.5.11.jar:8.5.11]
	at org.apache.tomcat.util.net.AbstractEndpoint.start(AbstractEndpoint.java:980) ~[tomcat-embed-core-8.5.11.jar:8.5.11]
	at org.apache.coyote.AbstractProtocol.start(AbstractProtocol.java:573) ~[tomcat-embed-core-8.5.11.jar:8.5.11]
	at org.apache.catalina.connector.Connector.startInternal(Connector.java:993) ~[tomcat-embed-core-8.5.11.jar:8.5.11]
	... 14 common frames omitted

2018-11-21 10:26:17.320  INFO 641 --- [main] o.apache.catalina.core.StandardService   : Stopping service Tomcat
2018-11-21 10:26:17.329  WARN 641 --- [localhost-startStop-1] o.a.c.loader.WebappClassLoaderBase       : The web application [ROOT] appears to have started a thread named [Abandoned connection cleanup thread] but has failed to stop it. This is very likely to create a memory leak. Stack trace of thread:
 java.lang.Object.wait(Native Method)
 java.lang.ref.ReferenceQueue.remove(ReferenceQueue.java:143)
 com.mysql.cj.jdbc.AbandonedConnectionCleanupThread.run(AbandonedConnectionCleanupThread.java:43)
2018-11-21 10:26:17.337  INFO 641 --- [main] utoConfigurationReportLoggingInitializer : 

Error starting ApplicationContext. To display the auto-configuration report re-run your application with 'debug' enabled.
2018-11-21 10:26:17.340 ERROR 641 --- [main] o.s.b.d.LoggingFailureAnalysisReporter   : 

***************************
APPLICATION FAILED TO START
***************************

Description:

The Tomcat connector configured to listen on port 80 failed to start. The port may already be in use or the connector may be misconfigured.

Action:

Verify the connector's configuration, identify and stop any process that's listening on port 80, or configure this application to listen on another port.

2018-11-21 10:26:17.342  INFO 641 --- [main] ationConfigEmbeddedWebApplicationContext : Closing org.springframework.boot.context.embedded.AnnotationConfigEmbeddedWebApplicationContext@79c7532f: startup date [Wed Nov 21 10:26:13 CST 2018]; root of context hierarchy
2018-11-21 10:26:17.344  INFO 641 --- [main] o.s.c.support.DefaultLifecycleProcessor  : Stopping beans in phase 0
2018-11-21 10:26:17.346  INFO 641 --- [main] o.s.j.e.a.AnnotationMBeanExporter        : Unregistering JMX-exposed beans on shutdown
2018-12-14 14:20:02.743  INFO 926 --- [main] com.wei.boot.Application                 : Starting Application on MacBook-Pro-10.local with PID 926 (/Users/weisihua/studyspace/SpringBootLearning/target/classes started by weisihua in /Users/weisihua/studyspace/SpringBootLearning)
2018-12-14 14:20:02.748  INFO 926 --- [main] com.wei.boot.Application                 : No active profile set, falling back to default profiles: default
2018-12-14 14:20:02.803  INFO 926 --- [main] ationConfigEmbeddedWebApplicationContext : Refreshing org.springframework.boot.context.embedded.AnnotationConfigEmbeddedWebApplicationContext@7a1a3478: startup date [Fri Dec 14 14:20:02 CST 2018]; root of context hierarchy
2018-12-14 14:20:04.436  INFO 926 --- [main] s.b.c.e.t.TomcatEmbeddedServletContainer : Tomcat initialized with port(s): 80 (http)
2018-12-14 14:20:04.448  INFO 926 --- [main] o.apache.catalina.core.StandardService   : Starting service [Tomcat]
2018-12-14 14:20:04.449  INFO 926 --- [main] org.apache.catalina.core.StandardEngine  : Starting Servlet Engine: Apache Tomcat/8.5.23
2018-12-14 14:20:04.535  INFO 926 --- [localhost-startStop-1] o.a.c.c.C.[Tomcat].[localhost].[/]       : Initializing Spring embedded WebApplicationContext
2018-12-14 14:20:04.536  INFO 926 --- [localhost-startStop-1] o.s.web.context.ContextLoader            : Root WebApplicationContext: initialization completed in 1737 ms
2018-12-14 14:20:04.782  INFO 926 --- [localhost-startStop-1] o.s.b.w.servlet.ServletRegistrationBean  : Mapping servlet: 'dispatcherServlet' to [/]
2018-12-14 14:20:04.788  INFO 926 --- [localhost-startStop-1] o.s.b.w.servlet.FilterRegistrationBean   : Mapping filter: 'metricsFilter' to: [/*]
2018-12-14 14:20:04.789  INFO 926 --- [localhost-startStop-1] o.s.b.w.servlet.FilterRegistrationBean   : Mapping filter: 'characterEncodingFilter' to: [/*]
2018-12-14 14:20:04.789  INFO 926 --- [localhost-startStop-1] o.s.b.w.servlet.FilterRegistrationBean   : Mapping filter: 'hiddenHttpMethodFilter' to: [/*]
2018-12-14 14:20:04.789  INFO 926 --- [localhost-startStop-1] o.s.b.w.servlet.FilterRegistrationBean   : Mapping filter: 'httpPutFormContentFilter' to: [/*]
2018-12-14 14:20:04.789  INFO 926 --- [localhost-startStop-1] o.s.b.w.servlet.FilterRegistrationBean   : Mapping filter: 'requestContextFilter' to: [/*]
2018-12-14 14:20:04.789  INFO 926 --- [localhost-startStop-1] o.s.b.w.servlet.FilterRegistrationBean   : Mapping filter: 'webRequestLoggingFilter' to: [/*]
2018-12-14 14:20:04.789  INFO 926 --- [localhost-startStop-1] o.s.b.w.servlet.FilterRegistrationBean   : Mapping filter: 'applicationContextIdFilter' to: [/*]
2018-12-14 14:20:05.316  INFO 926 --- [main] s.w.s.m.m.a.RequestMappingHandlerAdapter : Looking for @ControllerAdvice: org.springframework.boot.context.embedded.AnnotationConfigEmbeddedWebApplicationContext@7a1a3478: startup date [Fri Dec 14 14:20:02 CST 2018]; root of context hierarchy
2018-12-14 14:20:05.388  INFO 926 --- [main] s.w.s.m.m.a.RequestMappingHandlerMapping : Mapped "{[/jdbc]}" onto java.lang.String com.wei.boot.example.ExampleController.testJdbc()
2018-12-14 14:20:05.389  INFO 926 --- [main] s.w.s.m.m.a.RequestMappingHandlerMapping : Mapped "{[/]}" onto java.lang.String com.wei.boot.example.ExampleController.home()
2018-12-14 14:20:05.390  INFO 926 --- [main] s.w.s.m.m.a.RequestMappingHandlerMapping : Mapped "{[/random/show]}" onto public java.lang.String com.wei.boot.example.RandomController.showRandom()
2018-12-14 14:20:05.393  INFO 926 --- [main] s.w.s.m.m.a.RequestMappingHandlerMapping : Mapped "{[/error]}" onto public org.springframework.http.ResponseEntity<java.util.Map<java.lang.String, java.lang.Object>> org.springframework.boot.autoconfigure.web.BasicErrorController.error(javax.servlet.http.HttpServletRequest)
2018-12-14 14:20:05.394  INFO 926 --- [main] s.w.s.m.m.a.RequestMappingHandlerMapping : Mapped "{[/error],produces=[text/html]}" onto public org.springframework.web.servlet.ModelAndView org.springframework.boot.autoconfigure.web.BasicErrorController.errorHtml(javax.servlet.http.HttpServletRequest,javax.servlet.http.HttpServletResponse)
2018-12-14 14:20:05.422  INFO 926 --- [main] o.s.w.s.handler.SimpleUrlHandlerMapping  : Mapped URL path [/webjars/**] onto handler of type [class org.springframework.web.servlet.resource.ResourceHttpRequestHandler]
2018-12-14 14:20:05.423  INFO 926 --- [main] o.s.w.s.handler.SimpleUrlHandlerMapping  : Mapped URL path [/**] onto handler of type [class org.springframework.web.servlet.resource.ResourceHttpRequestHandler]
2018-12-14 14:20:05.458  INFO 926 --- [main] o.s.w.s.handler.SimpleUrlHandlerMapping  : Mapped URL path [/**/favicon.ico] onto handler of type [class org.springframework.web.servlet.resource.ResourceHttpRequestHandler]
2018-12-14 14:20:05.747  INFO 926 --- [main] o.s.b.a.e.mvc.EndpointHandlerMapping     : Mapped "{[/auditevents || /auditevents.json],methods=[GET],produces=[application/vnd.spring-boot.actuator.v1+json || application/json]}" onto public org.springframework.http.ResponseEntity<?> org.springframework.boot.actuate.endpoint.mvc.AuditEventsMvcEndpoint.findByPrincipalAndAfterAndType(java.lang.String,java.util.Date,java.lang.String)
2018-12-14 14:20:05.748  INFO 926 --- [main] o.s.b.a.e.mvc.EndpointHandlerMapping     : Mapped "{[/heapdump || /heapdump.json],methods=[GET],produces=[application/octet-stream]}" onto public void org.springframework.boot.actuate.endpoint.mvc.HeapdumpMvcEndpoint.invoke(boolean,javax.servlet.http.HttpServletRequest,javax.servlet.http.HttpServletResponse) throws java.io.IOException,javax.servlet.ServletException
2018-12-14 14:20:05.749  INFO 926 --- [main] o.s.b.a.e.mvc.EndpointHandlerMapping     : Mapped "{[/info || /info.json],methods=[GET],produces=[application/vnd.spring-boot.actuator.v1+json || application/json]}" onto public java.lang.Object org.springframework.boot.actuate.endpoint.mvc.EndpointMvcAdapter.invoke()
2018-12-14 14:20:05.750  INFO 926 --- [main] o.s.b.a.e.mvc.EndpointHandlerMapping     : Mapped "{[/env/{name:.*}],methods=[GET],produces=[application/vnd.spring-boot.actuator.v1+json || application/json]}" onto public java.lang.Object org.springframework.boot.actuate.endpoint.mvc.EnvironmentMvcEndpoint.value(java.lang.String)
2018-12-14 14:20:05.750  INFO 926 --- [main] o.s.b.a.e.mvc.EndpointHandlerMapping     : Mapped "{[/env || /env.json],methods=[GET],produces=[application/vnd.spring-boot.actuator.v1+json || application/json]}" onto public java.lang.Object org.springframework.boot.actuate.endpoint.mvc.EndpointMvcAdapter.invoke()
2018-12-14 14:20:05.751  INFO 926 --- [main] o.s.b.a.e.mvc.EndpointHandlerMapping     : Mapped "{[/logfile || /logfile.json],methods=[GET || HEAD]}" onto public void org.springframework.boot.actuate.endpoint.mvc.LogFileMvcEndpoint.invoke(javax.servlet.http.HttpServletRequest,javax.servlet.http.HttpServletResponse) throws javax.servlet.ServletException,java.io.IOException
2018-12-14 14:20:05.752  INFO 926 --- [main] o.s.b.a.e.mvc.EndpointHandlerMapping     : Mapped "{[/configprops || /configprops.json],methods=[GET],produces=[application/vnd.spring-boot.actuator.v1+json || application/json]}" onto public java.lang.Object org.springframework.boot.actuate.endpoint.mvc.EndpointMvcAdapter.invoke()
2018-12-14 14:20:05.753  INFO 926 --- [main] o.s.b.a.e.mvc.EndpointHandlerMapping     : Mapped "{[/loggers/{name:.*}],methods=[GET],produces=[application/vnd.spring-boot.actuator.v1+json || application/json]}" onto public java.lang.Object org.springframework.boot.actuate.endpoint.mvc.LoggersMvcEndpoint.get(java.lang.String)
2018-12-14 14:20:05.754  INFO 926 --- [main] o.s.b.a.e.mvc.EndpointHandlerMapping     : Mapped "{[/loggers/{name:.*}],methods=[POST],consumes=[application/vnd.spring-boot.actuator.v1+json || application/json],produces=[application/vnd.spring-boot.actuator.v1+json || application/json]}" onto public java.lang.Object org.springframework.boot.actuate.endpoint.mvc.LoggersMvcEndpoint.set(java.lang.String,java.util.Map<java.lang.String, java.lang.String>)
2018-12-14 14:20:05.754  INFO 926 --- [main] o.s.b.a.e.mvc.EndpointHandlerMapping     : Mapped "{[/loggers || /loggers.json],methods=[GET],produces=[application/vnd.spring-boot.actuator.v1+json || application/json]}" onto public java.lang.Object org.springframework.boot.actuate.endpoint.mvc.EndpointMvcAdapter.invoke()
2018-12-14 14:20:05.756  INFO 926 --- [main] o.s.b.a.e.mvc.EndpointHandlerMapping     : Mapped "{[/mappings || /mappings.json],methods=[GET],produces=[application/vnd.spring-boot.actuator.v1+json || application/json]}" onto public java.lang.Object org.springframework.boot.actuate.endpoint.mvc.EndpointMvcAdapter.invoke()
2018-12-14 14:20:05.756  INFO 926 --- [main] o.s.b.a.e.mvc.EndpointHandlerMapping     : Mapped "{[/dump || /dump.json],methods=[GET],produces=[application/vnd.spring-boot.actuator.v1+json || application/json]}" onto public java.lang.Object org.springframework.boot.actuate.endpoint.mvc.EndpointMvcAdapter.invoke()
2018-12-14 14:20:05.757  INFO 926 --- [main] o.s.b.a.e.mvc.EndpointHandlerMapping     : Mapped "{[/health || /health.json],methods=[GET],produces=[application/vnd.spring-boot.actuator.v1+json || application/json]}" onto public java.lang.Object org.springframework.boot.actuate.endpoint.mvc.HealthMvcEndpoint.invoke(javax.servlet.http.HttpServletRequest,java.security.Principal)
2018-12-14 14:20:05.758  INFO 926 --- [main] o.s.b.a.e.mvc.EndpointHandlerMapping     : Mapped "{[/autoconfig || /autoconfig.json],methods=[GET],produces=[application/vnd.spring-boot.actuator.v1+json || application/json]}" onto public java.lang.Object org.springframework.boot.actuate.endpoint.mvc.EndpointMvcAdapter.invoke()
2018-12-14 14:20:05.759  INFO 926 --- [main] o.s.b.a.e.mvc.EndpointHandlerMapping     : Mapped "{[/metrics/{name:.*}],methods=[GET],produces=[application/vnd.spring-boot.actuator.v1+json || application/json]}" onto public java.lang.Object org.springframework.boot.actuate.endpoint.mvc.MetricsMvcEndpoint.value(java.lang.String)
2018-12-14 14:20:05.759  INFO 926 --- [main] o.s.b.a.e.mvc.EndpointHandlerMapping     : Mapped "{[/metrics || /metrics.json],methods=[GET],produces=[application/vnd.spring-boot.actuator.v1+json || application/json]}" onto public java.lang.Object org.springframework.boot.actuate.endpoint.mvc.EndpointMvcAdapter.invoke()
2018-12-14 14:20:05.759  INFO 926 --- [main] o.s.b.a.e.mvc.EndpointHandlerMapping     : Mapped "{[/trace || /trace.json],methods=[GET],produces=[application/vnd.spring-boot.actuator.v1+json || application/json]}" onto public java.lang.Object org.springframework.boot.actuate.endpoint.mvc.EndpointMvcAdapter.invoke()
2018-12-14 14:20:05.760  INFO 926 --- [main] o.s.b.a.e.mvc.EndpointHandlerMapping     : Mapped "{[/beans || /beans.json],methods=[GET],produces=[application/vnd.spring-boot.actuator.v1+json || application/json]}" onto public java.lang.Object org.springframework.boot.actuate.endpoint.mvc.EndpointMvcAdapter.invoke()
2018-12-14 14:20:05.989  INFO 926 --- [main] o.s.j.e.a.AnnotationMBeanExporter        : Registering beans for JMX exposure on startup
2018-12-14 14:20:06.009  INFO 926 --- [main] o.s.c.support.DefaultLifecycleProcessor  : Starting beans in phase 0
2018-12-14 14:20:06.134 ERROR 926 --- [main] o.a.coyote.http11.Http11NioProtocol      : Failed to start end point associated with ProtocolHandler ["http-nio-80"]

java.net.SocketException: Permission denied
	at sun.nio.ch.Net.bind0(Native Method) ~[na:1.8.0_171]
	at sun.nio.ch.Net.bind(Net.java:433) ~[na:1.8.0_171]
	at sun.nio.ch.Net.bind(Net.java:425) ~[na:1.8.0_171]
	at sun.nio.ch.ServerSocketChannelImpl.bind(ServerSocketChannelImpl.java:223) ~[na:1.8.0_171]
	at sun.nio.ch.ServerSocketAdaptor.bind(ServerSocketAdaptor.java:74) ~[na:1.8.0_171]
	at org.apache.tomcat.util.net.NioEndpoint.bind(NioEndpoint.java:210) ~[tomcat-embed-core-8.5.23.jar:8.5.23]
	at org.apache.tomcat.util.net.AbstractEndpoint.start(AbstractEndpoint.java:990) ~[tomcat-embed-core-8.5.23.jar:8.5.23]
	at org.apache.coyote.AbstractProtocol.start(AbstractProtocol.java:635) ~[tomcat-embed-core-8.5.23.jar:8.5.23]
	at org.apache.catalina.connector.Connector.startInternal(Connector.java:1022) [tomcat-embed-core-8.5.23.jar:8.5.23]
	at org.apache.catalina.util.LifecycleBase.start(LifecycleBase.java:150) [tomcat-embed-core-8.5.23.jar:8.5.23]
	at org.apache.catalina.core.StandardService.addConnector(StandardService.java:225) [tomcat-embed-core-8.5.23.jar:8.5.23]
	at org.springframework.boot.context.embedded.tomcat.TomcatEmbeddedServletContainer.addPreviouslyRemovedConnectors(TomcatEmbeddedServletContainer.java:250) [spring-boot-1.5.9.RELEASE.jar:1.5.9.RELEASE]
	at org.springframework.boot.context.embedded.tomcat.TomcatEmbeddedServletContainer.start(TomcatEmbeddedServletContainer.java:193) [spring-boot-1.5.9.RELEASE.jar:1.5.9.RELEASE]
	at org.springframework.boot.context.embedded.EmbeddedWebApplicationContext.startEmbeddedServletContainer(EmbeddedWebApplicationContext.java:297) [spring-boot-1.5.9.RELEASE.jar:1.5.9.RELEASE]
	at org.springframework.boot.context.embedded.EmbeddedWebApplicationContext.finishRefresh(EmbeddedWebApplicationContext.java:145) [spring-boot-1.5.9.RELEASE.jar:1.5.9.RELEASE]
	at org.springframework.context.support.AbstractApplicationContext.refresh(AbstractApplicationContext.java:546) [spring-context-4.3.13.RELEASE.jar:4.3.13.RELEASE]
	at org.springframework.boot.context.embedded.EmbeddedWebApplicationContext.refresh(EmbeddedWebApplicationContext.java:122) [spring-boot-1.5.9.RELEASE.jar:1.5.9.RELEASE]
	at org.springframework.boot.SpringApplication.refresh(SpringApplication.java:693) [spring-boot-1.5.9.RELEASE.jar:1.5.9.RELEASE]
	at org.springframework.boot.SpringApplication.refreshContext(SpringApplication.java:360) [spring-boot-1.5.9.RELEASE.jar:1.5.9.RELEASE]
	at org.springframework.boot.SpringApplication.run(SpringApplication.java:303) [spring-boot-1.5.9.RELEASE.jar:1.5.9.RELEASE]
	at org.springframework.boot.SpringApplication.run(SpringApplication.java:1118) [spring-boot-1.5.9.RELEASE.jar:1.5.9.RELEASE]
	at org.springframework.boot.SpringApplication.run(SpringApplication.java:1107) [spring-boot-1.5.9.RELEASE.jar:1.5.9.RELEASE]
	at com.wei.boot.Application.main(Application.java:14) [classes/:na]

2018-12-14 14:20:06.135 ERROR 926 --- [main] o.apache.catalina.core.StandardService   : Failed to start connector [Connector[HTTP/1.1-80]]

org.apache.catalina.LifecycleException: Failed to start component [Connector[HTTP/1.1-80]]
	at org.apache.catalina.util.LifecycleBase.start(LifecycleBase.java:167) ~[tomcat-embed-core-8.5.23.jar:8.5.23]
	at org.apache.catalina.core.StandardService.addConnector(StandardService.java:225) ~[tomcat-embed-core-8.5.23.jar:8.5.23]
	at org.springframework.boot.context.embedded.tomcat.TomcatEmbeddedServletContainer.addPreviouslyRemovedConnectors(TomcatEmbeddedServletContainer.java:250) [spring-boot-1.5.9.RELEASE.jar:1.5.9.RELEASE]
	at org.springframework.boot.context.embedded.tomcat.TomcatEmbeddedServletContainer.start(TomcatEmbeddedServletContainer.java:193) [spring-boot-1.5.9.RELEASE.jar:1.5.9.RELEASE]
	at org.springframework.boot.context.embedded.EmbeddedWebApplicationContext.startEmbeddedServletContainer(EmbeddedWebApplicationContext.java:297) [spring-boot-1.5.9.RELEASE.jar:1.5.9.RELEASE]
	at org.springframework.boot.context.embedded.EmbeddedWebApplicationContext.finishRefresh(EmbeddedWebApplicationContext.java:145) [spring-boot-1.5.9.RELEASE.jar:1.5.9.RELEASE]
	at org.springframework.context.support.AbstractApplicationContext.refresh(AbstractApplicationContext.java:546) [spring-context-4.3.13.RELEASE.jar:4.3.13.RELEASE]
	at org.springframework.boot.context.embedded.EmbeddedWebApplicationContext.refresh(EmbeddedWebApplicationContext.java:122) [spring-boot-1.5.9.RELEASE.jar:1.5.9.RELEASE]
	at org.springframework.boot.SpringApplication.refresh(SpringApplication.java:693) [spring-boot-1.5.9.RELEASE.jar:1.5.9.RELEASE]
	at org.springframework.boot.SpringApplication.refreshContext(SpringApplication.java:360) [spring-boot-1.5.9.RELEASE.jar:1.5.9.RELEASE]
	at org.springframework.boot.SpringApplication.run(SpringApplication.java:303) [spring-boot-1.5.9.RELEASE.jar:1.5.9.RELEASE]
	at org.springframework.boot.SpringApplication.run(SpringApplication.java:1118) [spring-boot-1.5.9.RELEASE.jar:1.5.9.RELEASE]
	at org.springframework.boot.SpringApplication.run(SpringApplication.java:1107) [spring-boot-1.5.9.RELEASE.jar:1.5.9.RELEASE]
	at com.wei.boot.Application.main(Application.java:14) [classes/:na]
Caused by: org.apache.catalina.LifecycleException: service.getName(): "Tomcat";  Protocol handler start failed
	at org.apache.catalina.connector.Connector.startInternal(Connector.java:1031) ~[tomcat-embed-core-8.5.23.jar:8.5.23]
	at org.apache.catalina.util.LifecycleBase.start(LifecycleBase.java:150) ~[tomcat-embed-core-8.5.23.jar:8.5.23]
	... 13 common frames omitted
Caused by: java.net.SocketException: Permission denied
	at sun.nio.ch.Net.bind0(Native Method) ~[na:1.8.0_171]
	at sun.nio.ch.Net.bind(Net.java:433) ~[na:1.8.0_171]
	at sun.nio.ch.Net.bind(Net.java:425) ~[na:1.8.0_171]
	at sun.nio.ch.ServerSocketChannelImpl.bind(ServerSocketChannelImpl.java:223) ~[na:1.8.0_171]
	at sun.nio.ch.ServerSocketAdaptor.bind(ServerSocketAdaptor.java:74) ~[na:1.8.0_171]
	at org.apache.tomcat.util.net.NioEndpoint.bind(NioEndpoint.java:210) ~[tomcat-embed-core-8.5.23.jar:8.5.23]
	at org.apache.tomcat.util.net.AbstractEndpoint.start(AbstractEndpoint.java:990) ~[tomcat-embed-core-8.5.23.jar:8.5.23]
	at org.apache.coyote.AbstractProtocol.start(AbstractProtocol.java:635) ~[tomcat-embed-core-8.5.23.jar:8.5.23]
	at org.apache.catalina.connector.Connector.startInternal(Connector.java:1022) ~[tomcat-embed-core-8.5.23.jar:8.5.23]
	... 14 common frames omitted

2018-12-14 14:20:06.147  INFO 926 --- [main] o.apache.catalina.core.StandardService   : Stopping service [Tomcat]
2018-12-14 14:20:06.153  WARN 926 --- [localhost-startStop-1] o.a.c.loader.WebappClassLoaderBase       : The web application [ROOT] appears to have started a thread named [Abandoned connection cleanup thread] but has failed to stop it. This is very likely to create a memory leak. Stack trace of thread:
 java.lang.Object.wait(Native Method)
 java.lang.ref.ReferenceQueue.remove(ReferenceQueue.java:143)
 com.mysql.cj.jdbc.AbandonedConnectionCleanupThread.run(AbandonedConnectionCleanupThread.java:43)
2018-12-14 14:20:06.159  INFO 926 --- [main] utoConfigurationReportLoggingInitializer : 

Error starting ApplicationContext. To display the auto-configuration report re-run your application with 'debug' enabled.
2018-12-14 14:20:06.164 ERROR 926 --- [main] o.s.b.d.LoggingFailureAnalysisReporter   : 

***************************
APPLICATION FAILED TO START
***************************

Description:

The Tomcat connector configured to listen on port 80 failed to start. The port may already be in use or the connector may be misconfigured.

Action:

Verify the connector's configuration, identify and stop any process that's listening on port 80, or configure this application to listen on another port.

2018-12-14 14:20:06.165  INFO 926 --- [main] ationConfigEmbeddedWebApplicationContext : Closing org.springframework.boot.context.embedded.AnnotationConfigEmbeddedWebApplicationContext@7a1a3478: startup date [Fri Dec 14 14:20:02 CST 2018]; root of context hierarchy
2018-12-14 14:20:06.166  INFO 926 --- [main] o.s.c.support.DefaultLifecycleProcessor  : Stopping beans in phase 0
2018-12-14 14:20:06.168  INFO 926 --- [main] o.s.j.e.a.AnnotationMBeanExporter        : Unregistering JMX-exposed beans on shutdown
